[1.249s] Invoking command in '/home/yashverma/turtlebot3_path_tracking/ros2_ws/src/path_tracker': PYTHONPATH=/home/yashverma/turtlebot3_path_tracking/ros2_ws/build/path_tracker/prefix_override:/usr/lib/python3/dist-packages/colcon_core/task/python/colcon_distutils_commands:/home/yashverma/turtlebot3_path_tracking/ros2_ws/install/path_tracker/lib/python3.10/site-packages:${PYTHONPATH} /usr/bin/python3 -W ignore:setup.py install is deprecated -W ignore:easy_install command is deprecated setup.py egg_info --egg-base ../../build/path_tracker build --build-base /home/yashverma/turtlebot3_path_tracking/ros2_ws/build/path_tracker/build install --record /home/yashverma/turtlebot3_path_tracking/ros2_ws/build/path_tracker/install.log --single-version-externally-managed install_data
[1.745s] running egg_info
[1.745s] writing ../../build/path_tracker/path_tracker.egg-info/PKG-INFO
[1.745s] writing dependency_links to ../../build/path_tracker/path_tracker.egg-info/dependency_links.txt
[1.745s] writing entry points to ../../build/path_tracker/path_tracker.egg-info/entry_points.txt
[1.745s] writing requirements to ../../build/path_tracker/path_tracker.egg-info/requires.txt
[1.745s] writing top-level names to ../../build/path_tracker/path_tracker.egg-info/top_level.txt
[1.747s] reading manifest file '../../build/path_tracker/path_tracker.egg-info/SOURCES.txt'
[1.749s] writing manifest file '../../build/path_tracker/path_tracker.egg-info/SOURCES.txt'
[1.749s] running build
[1.749s] running build_py
[1.765s] running install
[1.765s] running install_lib
[1.765s] running install_data
[1.765s] running install_egg_info
[1.767s] removing '/home/yashverma/turtlebot3_path_tracking/ros2_ws/install/path_tracker/lib/python3.10/site-packages/path_tracker-0.0.0-py3.10.egg-info' (and everything under it)
[1.767s] Copying ../../build/path_tracker/path_tracker.egg-info to /home/yashverma/turtlebot3_path_tracking/ros2_ws/install/path_tracker/lib/python3.10/site-packages/path_tracker-0.0.0-py3.10.egg-info
[1.772s] running install_scripts
[1.815s] Installing controller_node script to /home/yashverma/turtlebot3_path_tracking/ros2_ws/install/path_tracker/lib/path_tracker
[1.815s] Installing main script to /home/yashverma/turtlebot3_path_tracking/ros2_ws/install/path_tracker/lib/path_tracker
[1.816s] writing list of installed files to '/home/yashverma/turtlebot3_path_tracking/ros2_ws/build/path_tracker/install.log'
[1.852s] Invoked command in '/home/yashverma/turtlebot3_path_tracking/ros2_ws/src/path_tracker' returned '0': PYTHONPATH=/home/yashverma/turtlebot3_path_tracking/ros2_ws/build/path_tracker/prefix_override:/usr/lib/python3/dist-packages/colcon_core/task/python/colcon_distutils_commands:/home/yashverma/turtlebot3_path_tracking/ros2_ws/install/path_tracker/lib/python3.10/site-packages:${PYTHONPATH} /usr/bin/python3 -W ignore:setup.py install is deprecated -W ignore:easy_install command is deprecated setup.py egg_info --egg-base ../../build/path_tracker build --build-base /home/yashverma/turtlebot3_path_tracking/ros2_ws/build/path_tracker/build install --record /home/yashverma/turtlebot3_path_tracking/ros2_ws/build/path_tracker/install.log --single-version-externally-managed install_data
