/home/yashverma/turtlebot3_path_tracking/ros2_ws/install/path_tracker/lib/python3.10/site-packages/path_tracker/controller.py
/home/yashverma/turtlebot3_path_tracking/ros2_ws/install/path_tracker/lib/python3.10/site-packages/path_tracker/ros_controller.py
/home/yashverma/turtlebot3_path_tracking/ros2_ws/install/path_tracker/lib/python3.10/site-packages/path_tracker/path_smoothing.py
/home/yashverma/turtlebot3_path_tracking/ros2_ws/install/path_tracker/lib/python3.10/site-packages/path_tracker/main.py
/home/yashverma/turtlebot3_path_tracking/ros2_ws/install/path_tracker/lib/python3.10/site-packages/path_tracker/simulator.py
/home/yashverma/turtlebot3_path_tracking/ros2_ws/install/path_tracker/lib/python3.10/site-packages/path_tracker/__init__.py
/home/yashverma/turtlebot3_path_tracking/ros2_ws/install/path_tracker/lib/python3.10/site-packages/path_tracker/trajectory_generator.py
/home/yashverma/turtlebot3_path_tracking/ros2_ws/install/path_tracker/lib/python3.10/site-packages/path_tracker/__pycache__/controller.cpython-310.pyc
/home/yashverma/turtlebot3_path_tracking/ros2_ws/install/path_tracker/lib/python3.10/site-packages/path_tracker/__pycache__/ros_controller.cpython-310.pyc
/home/yashverma/turtlebot3_path_tracking/ros2_ws/install/path_tracker/lib/python3.10/site-packages/path_tracker/__pycache__/path_smoothing.cpython-310.pyc
/home/yashverma/turtlebot3_path_tracking/ros2_ws/install/path_tracker/lib/python3.10/site-packages/path_tracker/__pycache__/main.cpython-310.pyc
/home/yashverma/turtlebot3_path_tracking/ros2_ws/install/path_tracker/lib/python3.10/site-packages/path_tracker/__pycache__/simulator.cpython-310.pyc
/home/yashverma/turtlebot3_path_tracking/ros2_ws/install/path_tracker/lib/python3.10/site-packages/path_tracker/__pycache__/__init__.cpython-310.pyc
/home/yashverma/turtlebot3_path_tracking/ros2_ws/install/path_tracker/lib/python3.10/site-packages/path_tracker/__pycache__/trajectory_generator.cpython-310.pyc
/home/yashverma/turtlebot3_path_tracking/ros2_ws/install/path_tracker/share/ament_index/resource_index/packages/path_tracker
/home/yashverma/turtlebot3_path_tracking/ros2_ws/install/path_tracker/share/path_tracker/package.xml
/home/yashverma/turtlebot3_path_tracking/ros2_ws/install/path_tracker/share/path_tracker/launch/gazebo_control.launch.py
/home/yashverma/turtlebot3_path_tracking/ros2_ws/install/path_tracker/share/path_tracker/launch/simulation.launch.py
/home/yashverma/turtlebot3_path_tracking/ros2_ws/install/path_tracker/lib/python3.10/site-packages/path_tracker-0.0.0-py3.10.egg-info/PKG-INFO
/home/yashverma/turtlebot3_path_tracking/ros2_ws/install/path_tracker/lib/python3.10/site-packages/path_tracker-0.0.0-py3.10.egg-info/dependency_links.txt
/home/yashverma/turtlebot3_path_tracking/ros2_ws/install/path_tracker/lib/python3.10/site-packages/path_tracker-0.0.0-py3.10.egg-info/zip-safe
/home/yashverma/turtlebot3_path_tracking/ros2_ws/install/path_tracker/lib/python3.10/site-packages/path_tracker-0.0.0-py3.10.egg-info/requires.txt
/home/yashverma/turtlebot3_path_tracking/ros2_ws/install/path_tracker/lib/python3.10/site-packages/path_tracker-0.0.0-py3.10.egg-info/SOURCES.txt
/home/yashverma/turtlebot3_path_tracking/ros2_ws/install/path_tracker/lib/python3.10/site-packages/path_tracker-0.0.0-py3.10.egg-info/top_level.txt
/home/yashverma/turtlebot3_path_tracking/ros2_ws/install/path_tracker/lib/python3.10/site-packages/path_tracker-0.0.0-py3.10.egg-info/entry_points.txt
/home/yashverma/turtlebot3_path_tracking/ros2_ws/install/path_tracker/lib/path_tracker/controller_node
/home/yashverma/turtlebot3_path_tracking/ros2_ws/install/path_tracker/lib/path_tracker/main
