[0.504s] Invoking command in '/home/yashverma/turtlebot3_path_tracking/ros2_ws/src/path_tracker': PYTHONPATH=/home/yashverma/turtlebot3_path_tracking/ros2_ws/build/path_tracker/prefix_override:/usr/lib/python3/dist-packages/colcon_core/task/python/colcon_distutils_commands:/home/yashverma/turtlebot3_path_tracking/ros2_ws/install/path_tracker/lib/python3.10/site-packages:${PYTHONPATH} /usr/bin/python3 -W ignore:setup.py install is deprecated -W ignore:easy_install command is deprecated setup.py egg_info --egg-base ../../build/path_tracker build --build-base /home/yashverma/turtlebot3_path_tracking/ros2_ws/build/path_tracker/build install --record /home/yashverma/turtlebot3_path_tracking/ros2_ws/build/path_tracker/install.log --single-version-externally-managed install_data
[0.697s] running egg_info
[0.697s] writing ../../build/path_tracker/path_tracker.egg-info/PKG-INFO
[0.698s] writing dependency_links to ../../build/path_tracker/path_tracker.egg-info/dependency_links.txt
[0.698s] writing entry points to ../../build/path_tracker/path_tracker.egg-info/entry_points.txt
[0.698s] writing requirements to ../../build/path_tracker/path_tracker.egg-info/requires.txt
[0.698s] writing top-level names to ../../build/path_tracker/path_tracker.egg-info/top_level.txt
[0.699s] reading manifest file '../../build/path_tracker/path_tracker.egg-info/SOURCES.txt'
[0.699s] writing manifest file '../../build/path_tracker/path_tracker.egg-info/SOURCES.txt'
[0.699s] running build
[0.699s] running build_py
[0.699s] copying path_tracker/main.py -> /home/yashverma/turtlebot3_path_tracking/ros2_ws/build/path_tracker/build/lib/path_tracker
[0.700s] running install
[0.700s] running install_lib
[0.701s] copying /home/yashverma/turtlebot3_path_tracking/ros2_ws/build/path_tracker/build/lib/path_tracker/main.py -> /home/yashverma/turtlebot3_path_tracking/ros2_ws/install/path_tracker/lib/python3.10/site-packages/path_tracker
[0.701s] byte-compiling /home/yashverma/turtlebot3_path_tracking/ros2_ws/install/path_tracker/lib/python3.10/site-packages/path_tracker/main.py to main.cpython-310.pyc
[0.702s] running install_data
[0.702s] running install_egg_info
[0.704s] removing '/home/yashverma/turtlebot3_path_tracking/ros2_ws/install/path_tracker/lib/python3.10/site-packages/path_tracker-0.0.0-py3.10.egg-info' (and everything under it)
[0.704s] Copying ../../build/path_tracker/path_tracker.egg-info to /home/yashverma/turtlebot3_path_tracking/ros2_ws/install/path_tracker/lib/python3.10/site-packages/path_tracker-0.0.0-py3.10.egg-info
[0.704s] running install_scripts
[0.722s] Installing main script to /home/yashverma/turtlebot3_path_tracking/ros2_ws/install/path_tracker/lib/path_tracker
[0.722s] writing list of installed files to '/home/yashverma/turtlebot3_path_tracking/ros2_ws/build/path_tracker/install.log'
[0.741s] Invoked command in '/home/yashverma/turtlebot3_path_tracking/ros2_ws/src/path_tracker' returned '0': PYTHONPATH=/home/yashverma/turtlebot3_path_tracking/ros2_ws/build/path_tracker/prefix_override:/usr/lib/python3/dist-packages/colcon_core/task/python/colcon_distutils_commands:/home/yashverma/turtlebot3_path_tracking/ros2_ws/install/path_tracker/lib/python3.10/site-packages:${PYTHONPATH} /usr/bin/python3 -W ignore:setup.py install is deprecated -W ignore:easy_install command is deprecated setup.py egg_info --egg-base ../../build/path_tracker build --build-base /home/yashverma/turtlebot3_path_tracking/ros2_ws/build/path_tracker/build install --record /home/yashverma/turtlebot3_path_tracking/ros2_ws/build/path_tracker/install.log --single-version-externally-managed install_data
