running egg_info
writing ../../build/path_tracker/path_tracker.egg-info/PKG-INFO
writing dependency_links to ../../build/path_tracker/path_tracker.egg-info/dependency_links.txt
writing entry points to ../../build/path_tracker/path_tracker.egg-info/entry_points.txt
writing requirements to ../../build/path_tracker/path_tracker.egg-info/requires.txt
writing top-level names to ../../build/path_tracker/path_tracker.egg-info/top_level.txt
reading manifest file '../../build/path_tracker/path_tracker.egg-info/SOURCES.txt'
writing manifest file '../../build/path_tracker/path_tracker.egg-info/SOURCES.txt'
running build
running build_py
copying path_tracker/main.py -> /home/yashverma/turtlebot3_path_tracking/ros2_ws/build/path_tracker/build/lib/path_tracker
running install
running install_lib
copying /home/yashverma/turtlebot3_path_tracking/ros2_ws/build/path_tracker/build/lib/path_tracker/main.py -> /home/yashverma/turtlebot3_path_tracking/ros2_ws/install/path_tracker/lib/python3.10/site-packages/path_tracker
byte-compiling /home/yashverma/turtlebot3_path_tracking/ros2_ws/install/path_tracker/lib/python3.10/site-packages/path_tracker/main.py to main.cpython-310.pyc
running install_data
running install_egg_info
removing '/home/yashverma/turtlebot3_path_tracking/ros2_ws/install/path_tracker/lib/python3.10/site-packages/path_tracker-0.0.0-py3.10.egg-info' (and everything under it)
Copying ../../build/path_tracker/path_tracker.egg-info to /home/yashverma/turtlebot3_path_tracking/ros2_ws/install/path_tracker/lib/python3.10/site-packages/path_tracker-0.0.0-py3.10.egg-info
running install_scripts
Installing main script to /home/yashverma/turtlebot3_path_tracking/ros2_ws/install/path_tracker/lib/path_tracker
writing list of installed files to '/home/yashverma/turtlebot3_path_tracking/ros2_ws/build/path_tracker/install.log'
