[0.544s] Invoking command in '/home/yashverma/turtlebot3_path_tracking/ros2_ws/src/path_tracker': PYTHONPATH=/home/yashverma/turtlebot3_path_tracking/ros2_ws/build/path_tracker/prefix_override:/usr/lib/python3/dist-packages/colcon_core/task/python/colcon_distutils_commands:/home/yashverma/turtlebot3_path_tracking/ros2_ws/install/path_tracker/lib/python3.10/site-packages:${PYTHONPATH} /usr/bin/python3 -W ignore:setup.py install is deprecated -W ignore:easy_install command is deprecated setup.py egg_info --egg-base ../../build/path_tracker build --build-base /home/yashverma/turtlebot3_path_tracking/ros2_ws/build/path_tracker/build install --record /home/yashverma/turtlebot3_path_tracking/ros2_ws/build/path_tracker/install.log --single-version-externally-managed install_data
[0.775s] running egg_info
[0.776s] writing ../../build/path_tracker/path_tracker.egg-info/PKG-INFO
[0.776s] writing dependency_links to ../../build/path_tracker/path_tracker.egg-info/dependency_links.txt
[0.776s] writing entry points to ../../build/path_tracker/path_tracker.egg-info/entry_points.txt
[0.776s] writing requirements to ../../build/path_tracker/path_tracker.egg-info/requires.txt
[0.777s] writing top-level names to ../../build/path_tracker/path_tracker.egg-info/top_level.txt
[0.778s] reading manifest file '../../build/path_tracker/path_tracker.egg-info/SOURCES.txt'
[0.779s] writing manifest file '../../build/path_tracker/path_tracker.egg-info/SOURCES.txt'
[0.779s] running build
[0.779s] running build_py
[0.780s] copying path_tracker/main.py -> /home/yashverma/turtlebot3_path_tracking/ros2_ws/build/path_tracker/build/lib/path_tracker
[0.780s] running install
[0.780s] running install_lib
[0.781s] copying /home/yashverma/turtlebot3_path_tracking/ros2_ws/build/path_tracker/build/lib/path_tracker/main.py -> /home/yashverma/turtlebot3_path_tracking/ros2_ws/install/path_tracker/lib/python3.10/site-packages/path_tracker
[0.781s] byte-compiling /home/yashverma/turtlebot3_path_tracking/ros2_ws/install/path_tracker/lib/python3.10/site-packages/path_tracker/main.py to main.cpython-310.pyc
[0.782s] running install_data
[0.782s] running install_egg_info
[0.784s] removing '/home/yashverma/turtlebot3_path_tracking/ros2_ws/install/path_tracker/lib/python3.10/site-packages/path_tracker-0.0.0-py3.10.egg-info' (and everything under it)
[0.784s] Copying ../../build/path_tracker/path_tracker.egg-info to /home/yashverma/turtlebot3_path_tracking/ros2_ws/install/path_tracker/lib/python3.10/site-packages/path_tracker-0.0.0-py3.10.egg-info
[0.785s] running install_scripts
[0.803s] Installing main script to /home/yashverma/turtlebot3_path_tracking/ros2_ws/install/path_tracker/lib/path_tracker
[0.804s] writing list of installed files to '/home/yashverma/turtlebot3_path_tracking/ros2_ws/build/path_tracker/install.log'
[0.823s] Invoked command in '/home/yashverma/turtlebot3_path_tracking/ros2_ws/src/path_tracker' returned '0': PYTHONPATH=/home/yashverma/turtlebot3_path_tracking/ros2_ws/build/path_tracker/prefix_override:/usr/lib/python3/dist-packages/colcon_core/task/python/colcon_distutils_commands:/home/yashverma/turtlebot3_path_tracking/ros2_ws/install/path_tracker/lib/python3.10/site-packages:${PYTHONPATH} /usr/bin/python3 -W ignore:setup.py install is deprecated -W ignore:easy_install command is deprecated setup.py egg_info --egg-base ../../build/path_tracker build --build-base /home/yashverma/turtlebot3_path_tracking/ros2_ws/build/path_tracker/build install --record /home/yashverma/turtlebot3_path_tracking/ros2_ws/build/path_tracker/install.log --single-version-externally-managed install_data
