[0.145s] DEBUG:colcon:Command line arguments: ['/usr/bin/colcon', 'build']
[0.145s] DEBUG:colcon:Parsed command line arguments: Namespace(log_base=None, log_level=None, verb_name='build', build_base='build', install_base='install', merge_install=False, symlink_install=False, test_result_base=None, continue_on_error=False, executor='parallel', parallel_workers=3, event_handlers=None, ignore_user_meta=False, metas=['./colcon.meta'], base_paths=['.'], packages_ignore=None, packages_ignore_regex=None, paths=None, packages_up_to=None, packages_up_to_regex=None, packages_above=None, packages_above_and_dependencies=None, packages_above_depth=None, packages_select_by_dep=None, packages_skip_by_dep=None, packages_skip_up_to=None, packages_select_build_failed=False, packages_skip_build_finished=False, packages_select_test_failures=False, packages_skip_test_passed=False, packages_select=None, packages_skip=None, packages_select_regex=None, packages_skip_regex=None, packages_start=None, packages_end=None, allow_overriding=[], cmake_args=None, cmake_target=None, cmake_target_skip_unavailable=False, cmake_clean_cache=False, cmake_clean_first=False, cmake_force_configure=False, ament_cmake_args=None, catkin_cmake_args=None, catkin_skip_building_tests=False, verb_parser=<colcon_defaults.argument_parser.defaults.DefaultArgumentsDecorator object at 0x78f5f29d3dc0>, verb_extension=<colcon_core.verb.build.BuildVerb object at 0x78f5f2b6c700>, main=<bound method BuildVerb.main of <colcon_core.verb.build.BuildVerb object at 0x78f5f2b6c700>>)
[0.350s] Level 1:colcon.colcon_core.package_discovery:discover_packages(colcon_meta) check parameters
[0.354s] Level 1:colcon.colcon_core.package_discovery:discover_packages(recursive) check parameters
[0.354s] Level 1:colcon.colcon_core.package_discovery:discover_packages(ignore) check parameters
[0.354s] Level 1:colcon.colcon_core.package_discovery:discover_packages(path) check parameters
[0.354s] Level 1:colcon.colcon_core.package_discovery:discover_packages(colcon_meta) discover
[0.354s] Level 1:colcon.colcon_core.package_discovery:discover_packages(recursive) discover
[0.354s] INFO:colcon.colcon_core.package_discovery:Crawling recursively for packages in '/home/yashverma/turtlebot3_path_tracking/ros2_ws'
[0.354s] Level 1:colcon.colcon_core.package_identification:_identify(.) by extensions ['ignore', 'ignore_ament_install']
[0.354s] Level 1:colcon.colcon_core.package_identification:_identify(.) by extension 'ignore'
[0.354s] Level 1:colcon.colcon_core.package_identification:_identify(.) by extension 'ignore_ament_install'
[0.354s] Level 1:colcon.colcon_core.package_identification:_identify(.) by extensions ['colcon_pkg']
[0.354s] Level 1:colcon.colcon_core.package_identification:_identify(.) by extension 'colcon_pkg'
[0.354s] Level 1:colcon.colcon_core.package_identification:_identify(.) by extensions ['colcon_meta']
[0.354s] Level 1:colcon.colcon_core.package_identification:_identify(.) by extension 'colcon_meta'
[0.354s] Level 1:colcon.colcon_core.package_identification:_identify(.) by extensions ['ros']
[0.354s] Level 1:colcon.colcon_core.package_identification:_identify(.) by extension 'ros'
[0.367s] Level 1:colcon.colcon_core.package_identification:_identify(.) by extensions ['cmake', 'python']
[0.367s] Level 1:colcon.colcon_core.package_identification:_identify(.) by extension 'cmake'
[0.367s] Level 1:colcon.colcon_core.package_identification:_identify(.) by extension 'python'
[0.367s] Level 1:colcon.colcon_core.package_identification:_identify(.) by extensions ['python_setup_py']
[0.367s] Level 1:colcon.colcon_core.package_identification:_identify(.) by extension 'python_setup_py'
[0.368s] Level 1:colcon.colcon_core.package_identification:_identify(build) by extensions ['ignore', 'ignore_ament_install']
[0.368s] Level 1:colcon.colcon_core.package_identification:_identify(build) by extension 'ignore'
[0.368s] Level 1:colcon.colcon_core.package_identification:_identify(build) ignored
[0.368s] Level 1:colcon.colcon_core.package_identification:_identify(install) by extensions ['ignore', 'ignore_ament_install']
[0.368s] Level 1:colcon.colcon_core.package_identification:_identify(install) by extension 'ignore'
[0.368s] Level 1:colcon.colcon_core.package_identification:_identify(install) ignored
[0.368s] Level 1:colcon.colcon_core.package_identification:_identify(log) by extensions ['ignore', 'ignore_ament_install']
[0.368s] Level 1:colcon.colcon_core.package_identification:_identify(log) by extension 'ignore'
[0.368s] Level 1:colcon.colcon_core.package_identification:_identify(log) ignored
[0.368s] Level 1:colcon.colcon_core.package_identification:_identify(src) by extensions ['ignore', 'ignore_ament_install']
[0.368s] Level 1:colcon.colcon_core.package_identification:_identify(src) by extension 'ignore'
[0.368s] Level 1:colcon.colcon_core.package_identification:_identify(src) by extension 'ignore_ament_install'
[0.369s] Level 1:colcon.colcon_core.package_identification:_identify(src) by extensions ['colcon_pkg']
[0.369s] Level 1:colcon.colcon_core.package_identification:_identify(src) by extension 'colcon_pkg'
[0.369s] Level 1:colcon.colcon_core.package_identification:_identify(src) by extensions ['colcon_meta']
[0.369s] Level 1:colcon.colcon_core.package_identification:_identify(src) by extension 'colcon_meta'
[0.369s] Level 1:colcon.colcon_core.package_identification:_identify(src) by extensions ['ros']
[0.369s] Level 1:colcon.colcon_core.package_identification:_identify(src) by extension 'ros'
[0.369s] Level 1:colcon.colcon_core.package_identification:_identify(src) by extensions ['cmake', 'python']
[0.369s] Level 1:colcon.colcon_core.package_identification:_identify(src) by extension 'cmake'
[0.369s] Level 1:colcon.colcon_core.package_identification:_identify(src) by extension 'python'
[0.369s] Level 1:colcon.colcon_core.package_identification:_identify(src) by extensions ['python_setup_py']
[0.369s] Level 1:colcon.colcon_core.package_identification:_identify(src) by extension 'python_setup_py'
[0.369s] Level 1:colcon.colcon_core.package_identification:_identify(src/path_tracker) by extensions ['ignore', 'ignore_ament_install']
[0.369s] Level 1:colcon.colcon_core.package_identification:_identify(src/path_tracker) by extension 'ignore'
[0.369s] Level 1:colcon.colcon_core.package_identification:_identify(src/path_tracker) by extension 'ignore_ament_install'
[0.369s] Level 1:colcon.colcon_core.package_identification:_identify(src/path_tracker) by extensions ['colcon_pkg']
[0.369s] Level 1:colcon.colcon_core.package_identification:_identify(src/path_tracker) by extension 'colcon_pkg'
[0.369s] Level 1:colcon.colcon_core.package_identification:_identify(src/path_tracker) by extensions ['colcon_meta']
[0.369s] Level 1:colcon.colcon_core.package_identification:_identify(src/path_tracker) by extension 'colcon_meta'
[0.369s] Level 1:colcon.colcon_core.package_identification:_identify(src/path_tracker) by extensions ['ros']
[0.369s] Level 1:colcon.colcon_core.package_identification:_identify(src/path_tracker) by extension 'ros'
[0.372s] DEBUG:colcon.colcon_core.package_identification:Package 'src/path_tracker' with type 'ros.ament_python' and name 'path_tracker'
[0.372s] Level 1:colcon.colcon_core.package_discovery:discover_packages(recursive) using defaults
[0.372s] Level 1:colcon.colcon_core.package_discovery:discover_packages(ignore) discover
[0.372s] Level 1:colcon.colcon_core.package_discovery:discover_packages(ignore) using defaults
[0.372s] Level 1:colcon.colcon_core.package_discovery:discover_packages(path) discover
[0.372s] Level 1:colcon.colcon_core.package_discovery:discover_packages(path) using defaults
[0.399s] Level 1:colcon.colcon_core.package_discovery:discover_packages(prefix_path) check parameters
[0.399s] Level 1:colcon.colcon_core.package_discovery:discover_packages(prefix_path) discover
[0.400s] WARNING:colcon.colcon_core.prefix_path.colcon:The path '/home/yashverma/robot_nav_ws/install' in the environment variable COLCON_PREFIX_PATH doesn't exist
[0.402s] WARNING:colcon.colcon_ros.prefix_path.ament:The path '/home/yashverma/robot_nav_ws/install/robot_navigation' in the environment variable AMENT_PREFIX_PATH doesn't exist
[0.403s] DEBUG:colcon.colcon_installed_package_information.package_discovery:Found 1 installed packages in /home/yashverma/turtlebot3_path_tracking/ros2_ws/install
[0.406s] DEBUG:colcon.colcon_installed_package_information.package_discovery:Found 325 installed packages in /opt/ros/humble
[0.425s] Level 1:colcon.colcon_core.package_discovery:discover_packages(prefix_path) using defaults
[0.484s] Level 5:colcon.colcon_core.verb:set package 'path_tracker' build argument 'cmake_args' from command line to 'None'
[0.487s] Level 5:colcon.colcon_core.verb:set package 'path_tracker' build argument 'cmake_target' from command line to 'None'
[0.487s] Level 5:colcon.colcon_core.verb:set package 'path_tracker' build argument 'cmake_target_skip_unavailable' from command line to 'False'
[0.487s] Level 5:colcon.colcon_core.verb:set package 'path_tracker' build argument 'cmake_clean_cache' from command line to 'False'
[0.487s] Level 5:colcon.colcon_core.verb:set package 'path_tracker' build argument 'cmake_clean_first' from command line to 'False'
[0.487s] Level 5:colcon.colcon_core.verb:set package 'path_tracker' build argument 'cmake_force_configure' from command line to 'False'
[0.487s] Level 5:colcon.colcon_core.verb:set package 'path_tracker' build argument 'ament_cmake_args' from command line to 'None'
[0.487s] Level 5:colcon.colcon_core.verb:set package 'path_tracker' build argument 'catkin_cmake_args' from command line to 'None'
[0.487s] Level 5:colcon.colcon_core.verb:set package 'path_tracker' build argument 'catkin_skip_building_tests' from command line to 'False'
[0.487s] DEBUG:colcon.colcon_core.verb:Building package 'path_tracker' with the following arguments: {'ament_cmake_args': None, 'build_base': '/home/yashverma/turtlebot3_path_tracking/ros2_ws/build/path_tracker', 'catkin_cmake_args': None, 'catkin_skip_building_tests': False, 'cmake_args': None, 'cmake_clean_cache': False, 'cmake_clean_first': False, 'cmake_force_configure': False, 'cmake_target': None, 'cmake_target_skip_unavailable': False, 'install_base': '/home/yashverma/turtlebot3_path_tracking/ros2_ws/install/path_tracker', 'merge_install': False, 'path': '/home/yashverma/turtlebot3_path_tracking/ros2_ws/src/path_tracker', 'symlink_install': False, 'test_result_base': None}
[0.487s] INFO:colcon.colcon_core.executor:Executing jobs using 'parallel' executor
[0.491s] DEBUG:colcon.colcon_parallel_executor.executor.parallel:run_until_complete
[0.491s] INFO:colcon.colcon_ros.task.ament_python.build:Building ROS package in '/home/yashverma/turtlebot3_path_tracking/ros2_ws/src/path_tracker' with build type 'ament_python'
[0.491s] Level 1:colcon.colcon_core.shell:create_environment_hook('path_tracker', 'ament_prefix_path')
[0.493s] INFO:colcon.colcon_core.plugin_system:Skipping extension 'colcon_core.shell.bat': Not used on non-Windows systems
[0.493s] INFO:colcon.colcon_core.shell:Creating environment hook '/home/yashverma/turtlebot3_path_tracking/ros2_ws/install/path_tracker/share/path_tracker/hook/ament_prefix_path.ps1'
[0.494s] INFO:colcon.colcon_core.shell:Creating environment descriptor '/home/yashverma/turtlebot3_path_tracking/ros2_ws/install/path_tracker/share/path_tracker/hook/ament_prefix_path.dsv'
[0.495s] INFO:colcon.colcon_core.shell:Creating environment hook '/home/yashverma/turtlebot3_path_tracking/ros2_ws/install/path_tracker/share/path_tracker/hook/ament_prefix_path.sh'
[0.496s] INFO:colcon.colcon_core.shell:Skip shell extension 'powershell' for command environment: Not usable outside of PowerShell
[0.496s] DEBUG:colcon.colcon_core.shell:Skip shell extension 'dsv' for command environment
[0.992s] INFO:colcon.colcon_core.task.python.build:Building Python package in '/home/yashverma/turtlebot3_path_tracking/ros2_ws/src/path_tracker'
[0.992s] INFO:colcon.colcon_core.shell:Skip shell extension 'powershell' for command environment: Not usable outside of PowerShell
[0.992s] DEBUG:colcon.colcon_core.shell:Skip shell extension 'dsv' for command environment
[1.740s] DEBUG:colcon.colcon_core.event_handler.log_command:Invoking command in '/home/yashverma/turtlebot3_path_tracking/ros2_ws/src/path_tracker': PYTHONPATH=/home/yashverma/turtlebot3_path_tracking/ros2_ws/build/path_tracker/prefix_override:/usr/lib/python3/dist-packages/colcon_core/task/python/colcon_distutils_commands:/home/yashverma/turtlebot3_path_tracking/ros2_ws/install/path_tracker/lib/python3.10/site-packages:${PYTHONPATH} /usr/bin/python3 -W ignore:setup.py install is deprecated -W ignore:easy_install command is deprecated setup.py egg_info --egg-base ../../build/path_tracker build --build-base /home/yashverma/turtlebot3_path_tracking/ros2_ws/build/path_tracker/build install --record /home/yashverma/turtlebot3_path_tracking/ros2_ws/build/path_tracker/install.log --single-version-externally-managed install_data
[2.344s] DEBUG:colcon.colcon_core.event_handler.log_command:Invoked command in '/home/yashverma/turtlebot3_path_tracking/ros2_ws/src/path_tracker' returned '0': PYTHONPATH=/home/yashverma/turtlebot3_path_tracking/ros2_ws/build/path_tracker/prefix_override:/usr/lib/python3/dist-packages/colcon_core/task/python/colcon_distutils_commands:/home/yashverma/turtlebot3_path_tracking/ros2_ws/install/path_tracker/lib/python3.10/site-packages:${PYTHONPATH} /usr/bin/python3 -W ignore:setup.py install is deprecated -W ignore:easy_install command is deprecated setup.py egg_info --egg-base ../../build/path_tracker build --build-base /home/yashverma/turtlebot3_path_tracking/ros2_ws/build/path_tracker/build install --record /home/yashverma/turtlebot3_path_tracking/ros2_ws/build/path_tracker/install.log --single-version-externally-managed install_data
[2.352s] Level 1:colcon.colcon_core.environment:checking '/home/yashverma/turtlebot3_path_tracking/ros2_ws/install/path_tracker' for CMake module files
[2.354s] Level 1:colcon.colcon_core.environment:checking '/home/yashverma/turtlebot3_path_tracking/ros2_ws/install/path_tracker' for CMake config files
[2.358s] Level 1:colcon.colcon_core.environment:checking '/home/yashverma/turtlebot3_path_tracking/ros2_ws/install/path_tracker/lib'
[2.358s] Level 1:colcon.colcon_core.environment:checking '/home/yashverma/turtlebot3_path_tracking/ros2_ws/install/path_tracker/bin'
[2.358s] Level 1:colcon.colcon_core.environment:checking '/home/yashverma/turtlebot3_path_tracking/ros2_ws/install/path_tracker/lib/pkgconfig/path_tracker.pc'
[2.359s] Level 1:colcon.colcon_core.environment:checking '/home/yashverma/turtlebot3_path_tracking/ros2_ws/install/path_tracker/lib/python3.10/site-packages'
[2.359s] Level 1:colcon.colcon_core.shell:create_environment_hook('path_tracker', 'pythonpath')
[2.359s] INFO:colcon.colcon_core.shell:Creating environment hook '/home/yashverma/turtlebot3_path_tracking/ros2_ws/install/path_tracker/share/path_tracker/hook/pythonpath.ps1'
[2.359s] INFO:colcon.colcon_core.shell:Creating environment descriptor '/home/yashverma/turtlebot3_path_tracking/ros2_ws/install/path_tracker/share/path_tracker/hook/pythonpath.dsv'
[2.360s] INFO:colcon.colcon_core.shell:Creating environment hook '/home/yashverma/turtlebot3_path_tracking/ros2_ws/install/path_tracker/share/path_tracker/hook/pythonpath.sh'
[2.361s] Level 1:colcon.colcon_core.environment:checking '/home/yashverma/turtlebot3_path_tracking/ros2_ws/install/path_tracker/bin'
[2.361s] Level 1:colcon.colcon_core.environment:create_environment_scripts_only(path_tracker)
[2.364s] INFO:colcon.colcon_core.shell:Creating package script '/home/yashverma/turtlebot3_path_tracking/ros2_ws/install/path_tracker/share/path_tracker/package.ps1'
[2.368s] INFO:colcon.colcon_core.shell:Creating package descriptor '/home/yashverma/turtlebot3_path_tracking/ros2_ws/install/path_tracker/share/path_tracker/package.dsv'
[2.368s] INFO:colcon.colcon_core.shell:Creating package script '/home/yashverma/turtlebot3_path_tracking/ros2_ws/install/path_tracker/share/path_tracker/package.sh'
[2.371s] INFO:colcon.colcon_core.shell:Creating package script '/home/yashverma/turtlebot3_path_tracking/ros2_ws/install/path_tracker/share/path_tracker/package.bash'
[2.376s] INFO:colcon.colcon_core.shell:Creating package script '/home/yashverma/turtlebot3_path_tracking/ros2_ws/install/path_tracker/share/path_tracker/package.zsh'
[2.376s] Level 1:colcon.colcon_core.environment:create_file_with_runtime_dependencies(/home/yashverma/turtlebot3_path_tracking/ros2_ws/install/path_tracker/share/colcon-core/packages/path_tracker)
[2.378s] DEBUG:colcon.colcon_parallel_executor.executor.parallel:closing loop
[2.379s] DEBUG:colcon.colcon_parallel_executor.executor.parallel:loop closed
[2.379s] DEBUG:colcon.colcon_parallel_executor.executor.parallel:run_until_complete finished with '0'
[2.379s] DEBUG:colcon.colcon_core.event_reactor:joining thread
[2.390s] INFO:colcon.colcon_core.plugin_system:Skipping extension 'colcon_notification.desktop_notification.terminal_notifier': Not used on non-Darwin systems
[2.392s] INFO:colcon.colcon_core.plugin_system:Skipping extension 'colcon_notification.desktop_notification.win32': Not used on non-Windows systems
[2.393s] INFO:colcon.colcon_notification.desktop_notification:Sending desktop notification using 'notify2'
[2.517s] DEBUG:colcon.colcon_core.event_reactor:joined thread
[2.517s] INFO:colcon.colcon_core.shell:Creating prefix script '/home/yashverma/turtlebot3_path_tracking/ros2_ws/install/local_setup.ps1'
[2.520s] INFO:colcon.colcon_core.shell:Creating prefix util module '/home/yashverma/turtlebot3_path_tracking/ros2_ws/install/_local_setup_util_ps1.py'
[2.523s] INFO:colcon.colcon_core.shell:Creating prefix chain script '/home/yashverma/turtlebot3_path_tracking/ros2_ws/install/setup.ps1'
[2.526s] INFO:colcon.colcon_core.shell:Creating prefix script '/home/yashverma/turtlebot3_path_tracking/ros2_ws/install/local_setup.sh'
[2.529s] INFO:colcon.colcon_core.shell:Creating prefix util module '/home/yashverma/turtlebot3_path_tracking/ros2_ws/install/_local_setup_util_sh.py'
[2.530s] INFO:colcon.colcon_core.shell:Creating prefix chain script '/home/yashverma/turtlebot3_path_tracking/ros2_ws/install/setup.sh'
[2.533s] INFO:colcon.colcon_core.shell:Creating prefix script '/home/yashverma/turtlebot3_path_tracking/ros2_ws/install/local_setup.bash'
[2.534s] INFO:colcon.colcon_core.shell:Creating prefix chain script '/home/yashverma/turtlebot3_path_tracking/ros2_ws/install/setup.bash'
[2.538s] INFO:colcon.colcon_core.shell:Creating prefix script '/home/yashverma/turtlebot3_path_tracking/ros2_ws/install/local_setup.zsh'
[2.538s] INFO:colcon.colcon_core.shell:Creating prefix chain script '/home/yashverma/turtlebot3_path_tracking/ros2_ws/install/setup.zsh'
